***********************************************************************
*
*	DYNAMIC LINK AND INDIRECT ALLOCATION LISTING FOR: LutskVK_esmehvac1.4_v0.0.1
*
***********************************************************************


***************************************************
	 FIRST CODE AREA
***************************************************

***************************************************
	 DATABLOCK PATCHES
***************************************************
*
* List of data blocks that will be checked run-time for consistency with
* their definition available at compile-time
*
*
*	REQUIREMENTS for DATA BLOCK %M101
*		Process image: 0
*		Number of elements: 5000
*		Data size (bytes): 2
0000	00 00 65 00 88 13 00 00 02 00 00 00 

*
*	REQUIREMENTS for DATA BLOCK %M550
*		Process image: 0
*		Number of elements: 1
*		Data size (bytes): 1
000C	00 00 26 02 01 00 00 00 01 00 00 00 

*
*	REQUIREMENTS for DATA BLOCK %Q1
*		Process image: 0
*		Number of elements: 12
*		Data size (bytes): 1
0018	00 02 01 00 0C 00 00 00 01 00 00 00 

*
*	REQUIREMENTS for DATA BLOCK %M100
*		Process image: 0
*		Number of elements: 416
*		Data size (bytes): 2
0024	00 00 64 00 A0 01 00 00 02 00 00 00 

*
*	REQUIREMENTS for DATA BLOCK %I1
*		Process image: 1
*		Number of elements: 12
*		Data size (bytes): 2
0030	01 01 01 00 0C 00 00 00 02 00 00 00 

*
*	REQUIREMENTS for DATA BLOCK %M110
*		Process image: 0
*		Number of elements: 5000
*		Data size (bytes): 2
003C	00 00 6E 00 88 13 00 00 02 00 00 00 

*
*	REQUIREMENTS for DATA BLOCK %M50
*		Process image: 0
*		Number of elements: 1
*		Data size (bytes): 1
0048	00 00 32 00 01 00 00 00 01 00 00 00 

*
*	REQUIREMENTS for DATA BLOCK %M5
*		Process image: 0
*		Number of elements: 2
*		Data size (bytes): 4
0054	00 00 05 00 02 00 00 00 04 00 00 00 

*
*	REQUIREMENTS for DATA BLOCK %M0
*		Process image: 0
*		Number of elements: 1
*		Data size (bytes): 4
0060	00 00 00 00 01 00 00 00 04 00 00 00 

*
*	REQUIREMENTS for DATA BLOCK %I0
*		Process image: 1
*		Number of elements: 12
*		Data size (bytes): 1
006C	01 01 00 00 0C 00 00 00 01 00 00 00 

*
*	REQUIREMENTS for DATA BLOCK %M500
*		Process image: 0
*		Number of elements: 2
*		Data size (bytes): 4
0078	00 00 F4 01 02 00 00 00 04 00 00 00 

*
* List of all references to data allocated on data blocks
* along with the whole information required by the run-time linker
*
*
*	2 REFERENCE(S) TO 32-BIT VAR AT BYTE #0 OF DATA BLOCK %M101
0000	00 00 65 00 00 00 00 00 00 04 02 00 

*		Instruction type: 0x00
*		Code offset: 0x00004A60
000C	60 4A 00 00 

*		Instruction type: 0x00
*		Code offset: 0x00004F24
0010	24 4F 00 00 

*
*	1 REFERENCE(S) TO 8-BIT VAR AT BYTE #4 OF DATA BLOCK %I0
0014	00 00 00 00 04 00 00 00 01 01 01 00 

*		Instruction type: 0x00
*		Code offset: 0x000052D8
0020	D8 52 00 00 

*
*	3 REFERENCE(S) TO 32-BIT VAR AT BYTE #8 OF DATA BLOCK %M110
0024	00 00 6E 00 08 00 00 00 00 04 03 00 

*		Instruction type: 0x00
*		Code offset: 0x00004A6C
0030	6C 4A 00 00 

*		Instruction type: 0x00
*		Code offset: 0x00004E0C
0034	0C 4E 00 00 

*		Instruction type: 0x00
*		Code offset: 0x00004F30
0038	30 4F 00 00 

*
*	1 REFERENCE(S) TO 8-BIT VAR AT BYTE #0 OF DATA BLOCK %M550
003C	00 00 26 02 00 00 00 00 00 01 01 00 

*		Instruction type: 0x00
*		Code offset: 0x00004E44
0048	44 4E 00 00 

*
*	1 REFERENCE(S) TO 16-BIT VAR AT BYTE #386 OF DATA BLOCK %M100
004C	00 00 64 00 82 01 00 00 00 02 01 00 

*		Instruction type: 0x00
*		Code offset: 0x00004AE0
0058	E0 4A 00 00 

*
*	1 REFERENCE(S) TO 8-BIT VAR AT BYTE #7 OF DATA BLOCK %Q1
005C	00 00 01 00 07 00 00 00 02 01 01 00 

*		Instruction type: 0x00
*		Code offset: 0x00005248
0068	48 52 00 00 

*
*	1 REFERENCE(S) TO 32-BIT VAR AT BYTE #4 OF DATA BLOCK %M5
006C	00 00 05 00 04 00 00 00 00 04 01 00 

*		Instruction type: 0x00
*		Code offset: 0x00004E34
0078	34 4E 00 00 

*
*	1 REFERENCE(S) TO 16-BIT VAR AT BYTE #0 OF DATA BLOCK %I1
007C	00 00 01 00 00 00 00 00 01 02 01 00 

*		Instruction type: 0x00
*		Code offset: 0x000052E4
0088	E4 52 00 00 

*
*	1 REFERENCE(S) TO 8-BIT VAR AT BYTE #0 OF DATA BLOCK %M50
008C	00 00 32 00 00 00 00 00 00 01 01 00 

*		Instruction type: 0x00
*		Code offset: 0x00004E40
0098	40 4E 00 00 

*
*	3 REFERENCE(S) TO 32-BIT VAR AT BYTE #4 OF DATA BLOCK %M110
009C	00 00 6E 00 04 00 00 00 00 04 03 00 

*		Instruction type: 0x00
*		Code offset: 0x00004A68
00A8	68 4A 00 00 

*		Instruction type: 0x00
*		Code offset: 0x00004E08
00AC	08 4E 00 00 

*		Instruction type: 0x00
*		Code offset: 0x00004F2C
00B0	2C 4F 00 00 

*
*	1 REFERENCE(S) TO 16-BIT VAR AT BYTE #34 OF DATA BLOCK %M110
00B4	00 00 6E 00 22 00 00 00 00 02 01 00 

*		Instruction type: 0x00
*		Code offset: 0x00005200
00C0	00 52 00 00 

*
*	1 REFERENCE(S) TO 8-BIT VAR AT BYTE #7 OF DATA BLOCK %I0
00C4	00 00 00 00 07 00 00 00 01 01 01 00 

*		Instruction type: 0x00
*		Code offset: 0x00004A04
00D0	04 4A 00 00 

*
*	2 REFERENCE(S) TO 16-BIT VAR AT BYTE #32 OF DATA BLOCK %M110
00D4	00 00 6E 00 20 00 00 00 00 02 02 00 

*		Instruction type: 0x00
*		Code offset: 0x00004944
00E0	44 49 00 00 

*		Instruction type: 0x00
*		Code offset: 0x000051FC
00E4	FC 51 00 00 

*
*	1 REFERENCE(S) TO 16-BIT VAR AT BYTE #30 OF DATA BLOCK %M110
00E8	00 00 6E 00 1E 00 00 00 00 02 01 00 

*		Instruction type: 0x00
*		Code offset: 0x00004940
00F4	40 49 00 00 

*
*	1 REFERENCE(S) TO 16-BIT VAR AT BYTE #28 OF DATA BLOCK %M110
00F8	00 00 6E 00 1C 00 00 00 00 02 01 00 

*		Instruction type: 0x00
*		Code offset: 0x0000493C
0104	3C 49 00 00 

*
*	1 REFERENCE(S) TO 16-BIT VAR AT BYTE #26 OF DATA BLOCK %M110
0108	00 00 6E 00 1A 00 00 00 00 02 01 00 

*		Instruction type: 0x00
*		Code offset: 0x00004938
0114	38 49 00 00 

*
*	1 REFERENCE(S) TO 16-BIT VAR AT BYTE #24 OF DATA BLOCK %M110
0118	00 00 6E 00 18 00 00 00 00 02 01 00 

*		Instruction type: 0x00
*		Code offset: 0x00004934
0124	34 49 00 00 

*
*	1 REFERENCE(S) TO 16-BIT VAR AT BYTE #22 OF DATA BLOCK %M110
0128	00 00 6E 00 16 00 00 00 00 02 01 00 

*		Instruction type: 0x00
*		Code offset: 0x00004930
0134	30 49 00 00 

*
*	1 REFERENCE(S) TO 16-BIT VAR AT BYTE #20 OF DATA BLOCK %M110
0138	00 00 6E 00 14 00 00 00 00 02 01 00 

*		Instruction type: 0x00
*		Code offset: 0x0000492C
0144	2C 49 00 00 

*
*	1 REFERENCE(S) TO 8-BIT VAR AT BYTE #3 OF DATA BLOCK %I0
0148	00 00 00 00 03 00 00 00 01 01 01 00 

*		Instruction type: 0x00
*		Code offset: 0x000052D4
0154	D4 52 00 00 

*
*	1 REFERENCE(S) TO 32-BIT VAR AT BYTE #4 OF DATA BLOCK %M500
0158	00 00 F4 01 04 00 00 00 00 04 01 00 

*		Instruction type: 0x00
*		Code offset: 0x00004E3C
0164	3C 4E 00 00 

*
*	2 REFERENCE(S) TO 32-BIT VAR AT BYTE #4 OF DATA BLOCK %M101
0168	00 00 65 00 04 00 00 00 00 04 02 00 

*		Instruction type: 0x00
*		Code offset: 0x00004A64
0174	64 4A 00 00 

*		Instruction type: 0x00
*		Code offset: 0x00004F28
0178	28 4F 00 00 

*
*	1 REFERENCE(S) TO 16-BIT VAR AT BYTE #10 OF DATA BLOCK %I1
017C	00 00 01 00 0A 00 00 00 01 02 01 00 

*		Instruction type: 0x00
*		Code offset: 0x000052E8
0188	E8 52 00 00 

*
*	2 REFERENCE(S) TO 16-BIT VAR AT BYTE #14 OF DATA BLOCK %I1
018C	00 00 01 00 0E 00 00 00 01 02 02 00 

*		Instruction type: 0x00
*		Code offset: 0x00004A0C
0198	0C 4A 00 00 

*		Instruction type: 0x00
*		Code offset: 0x000052EC
019C	EC 52 00 00 

*
*	1 REFERENCE(S) TO 16-BIT VAR AT BYTE #12 OF DATA BLOCK %I1
01A0	00 00 01 00 0C 00 00 00 01 02 01 00 

*		Instruction type: 0x00
*		Code offset: 0x00004A08
01AC	08 4A 00 00 

*
*	1 REFERENCE(S) TO 32-BIT VAR AT BYTE #0 OF DATA BLOCK %M0
01B0	00 00 00 00 00 00 00 00 00 04 01 00 

*		Instruction type: 0x00
*		Code offset: 0x0000447C
01BC	7C 44 00 00 

*
*	1 REFERENCE(S) TO 16-BIT VAR AT BYTE #0 OF DATA BLOCK %M110
01C0	00 00 6E 00 00 00 00 00 00 02 01 00 

*		Instruction type: 0x00
*		Code offset: 0x00004BF4
01CC	F4 4B 00 00 

*
*	1 REFERENCE(S) TO 32-BIT VAR AT BYTE #0 OF DATA BLOCK %M5
01D0	00 00 05 00 00 00 00 00 00 04 01 00 

*		Instruction type: 0x00
*		Code offset: 0x00004E30
01DC	30 4E 00 00 

*
*	1 REFERENCE(S) TO 16-BIT VAR AT BYTE #14 OF DATA BLOCK %M110
01E0	00 00 6E 00 0E 00 00 00 00 02 01 00 

*		Instruction type: 0x00
*		Code offset: 0x00004E14
01EC	14 4E 00 00 

*
*	1 REFERENCE(S) TO 16-BIT VAR AT BYTE #12 OF DATA BLOCK %M110
01F0	00 00 6E 00 0C 00 00 00 00 02 01 00 

*		Instruction type: 0x00
*		Code offset: 0x00004E10
01FC	10 4E 00 00 

*
*	2 REFERENCE(S) TO 8-BIT VAR AT BYTE #6 OF DATA BLOCK %I0
0200	00 00 00 00 06 00 00 00 01 01 02 00 

*		Instruction type: 0x00
*		Code offset: 0x00004A00
020C	00 4A 00 00 

*		Instruction type: 0x00
*		Code offset: 0x000052E0
0210	E0 52 00 00 

*
*	1 REFERENCE(S) TO 16-BIT VAR AT BYTE #18 OF DATA BLOCK %M110
0214	00 00 6E 00 12 00 00 00 00 02 01 00 

*		Instruction type: 0x00
*		Code offset: 0x00004928
0220	28 49 00 00 

*
*	1 REFERENCE(S) TO 16-BIT VAR AT BYTE #16 OF DATA BLOCK %M110
0224	00 00 6E 00 10 00 00 00 00 02 01 00 

*		Instruction type: 0x00
*		Code offset: 0x00004924
0230	24 49 00 00 

*
*	1 REFERENCE(S) TO 8-BIT VAR AT BYTE #5 OF DATA BLOCK %I0
0234	00 00 00 00 05 00 00 00 01 01 01 00 

*		Instruction type: 0x00
*		Code offset: 0x000052DC
0240	DC 52 00 00 

*
*	1 REFERENCE(S) TO 8-BIT VAR AT BYTE #2 OF DATA BLOCK %I0
0244	00 00 00 00 02 00 00 00 01 01 01 00 

*		Instruction type: 0x00
*		Code offset: 0x000052D0
0250	D0 52 00 00 

*
*	1 REFERENCE(S) TO 32-BIT VAR AT BYTE #0 OF DATA BLOCK %M500
0254	00 00 F4 01 00 00 00 00 00 04 01 00 

*		Instruction type: 0x00
*		Code offset: 0x00004E38
0260	38 4E 00 00 


***************************************************
	 FUNCTION PATCHES
***************************************************

NAME: MUL_REAL  - NUM: 1
	 Patch - TYPE: 0x0 - CODE OFFSET: 0x00004E28

NAME: sysDBase_SetExtTable  - NUM: 1
	 Patch - TYPE: 0x0 - CODE OFFSET: 0x00004B60

NAME: sysWriteParUINT  - NUM: 1
	 Patch - TYPE: 0x0 - CODE OFFSET: 0x00004F64

NAME: UDINT_TO_REAL  - NUM: 2
	 Patch - TYPE: 0x0 - CODE OFFSET: 0x00004BFC
	 Patch - TYPE: 0x0 - CODE OFFSET: 0x00004E20

NAME: REAL_TO_DINT  - NUM: 2
	 Patch - TYPE: 0x0 - CODE OFFSET: 0x00004C04
	 Patch - TYPE: 0x0 - CODE OFFSET: 0x00004E24

NAME: DINT_TO_REAL  - NUM: 1
	 Patch - TYPE: 0x0 - CODE OFFSET: 0x00004C00

NAME: DIV_REAL  - NUM: 2
	 Patch - TYPE: 0x0 - CODE OFFSET: 0x00004C08
	 Patch - TYPE: 0x0 - CODE OFFSET: 0x00004E2C

NAME: sysMbMRTU_FC03  - NUM: 1
	 Patch - TYPE: 0x0 - CODE OFFSET: 0x000049B8
