***********************************************************************
*
*	DYNAMIC LINK AND INDIRECT ALLOCATION LISTING FOR: sw37
*
***********************************************************************


***************************************************
	 FIRST CODE AREA
***************************************************

***************************************************
	 DATABLOCK PATCHES
***************************************************
*
* List of data blocks that will be checked run-time for consistency with
* their definition available at compile-time
*
*
*	REQUIREMENTS for DATA BLOCK %M101
*		Process image: 0
*		Number of elements: 5000
*		Data size (bytes): 2
0000	00 00 65 00 88 13 00 00 02 00 00 00 

*
*	REQUIREMENTS for DATA BLOCK %I1
*		Process image: 1
*		Number of elements: 12
*		Data size (bytes): 2
000C	01 01 01 00 0C 00 00 00 02 00 00 00 

*
*	REQUIREMENTS for DATA BLOCK %M0
*		Process image: 0
*		Number of elements: 1
*		Data size (bytes): 4
0018	00 00 00 00 01 00 00 00 04 00 00 00 

*
*	REQUIREMENTS for DATA BLOCK %M110
*		Process image: 0
*		Number of elements: 5000
*		Data size (bytes): 2
0024	00 00 6E 00 88 13 00 00 02 00 00 00 

*
*	REQUIREMENTS for DATA BLOCK %M1
*		Process image: 0
*		Number of elements: 1
*		Data size (bytes): 9
0030	00 00 01 00 01 00 00 00 09 00 00 00 

*
*	REQUIREMENTS for DATA BLOCK %M50
*		Process image: 0
*		Number of elements: 1
*		Data size (bytes): 1
003C	00 00 32 00 01 00 00 00 01 00 00 00 

*
*	REQUIREMENTS for DATA BLOCK %M100
*		Process image: 0
*		Number of elements: 416
*		Data size (bytes): 2
0048	00 00 64 00 A0 01 00 00 02 00 00 00 

*
*	REQUIREMENTS for DATA BLOCK %I0
*		Process image: 1
*		Number of elements: 12
*		Data size (bytes): 1
0054	01 01 00 00 0C 00 00 00 01 00 00 00 

*
*	REQUIREMENTS for DATA BLOCK %M5
*		Process image: 0
*		Number of elements: 2
*		Data size (bytes): 4
0060	00 00 05 00 02 00 00 00 04 00 00 00 

*
*	REQUIREMENTS for DATA BLOCK %M500
*		Process image: 0
*		Number of elements: 2
*		Data size (bytes): 4
006C	00 00 F4 01 02 00 00 00 04 00 00 00 

*
*	REQUIREMENTS for DATA BLOCK %M550
*		Process image: 0
*		Number of elements: 1
*		Data size (bytes): 1
0078	00 00 26 02 01 00 00 00 01 00 00 00 

*
*	REQUIREMENTS for DATA BLOCK %Q1
*		Process image: 0
*		Number of elements: 12
*		Data size (bytes): 1
0084	00 02 01 00 0C 00 00 00 01 00 00 00 

*
* List of all references to data allocated on data blocks
* along with the whole information required by the run-time linker
*
*
*	1 REFERENCE(S) TO 16-BIT VAR AT BYTE #386 OF DATA BLOCK %M100
0000	00 00 64 00 82 01 00 00 00 02 01 00 

*		Instruction type: 0x00
*		Code offset: 0x00004B80
000C	80 4B 00 00 

*
*	1 REFERENCE(S) TO 32-BIT VAR AT BYTE #0 OF DATA BLOCK %M0
0010	00 00 00 00 00 00 00 00 00 04 01 00 

*		Instruction type: 0x00
*		Code offset: 0x00004484
001C	84 44 00 00 

*
*	1 REFERENCE(S) TO 16-BIT VAR AT BYTE #14 OF DATA BLOCK %M110
0020	00 00 6E 00 0E 00 00 00 00 02 01 00 

*		Instruction type: 0x00
*		Code offset: 0x00005034
002C	34 50 00 00 

*
*	1 REFERENCE(S) TO 16-BIT VAR AT BYTE #12 OF DATA BLOCK %M110
0030	00 00 6E 00 0C 00 00 00 00 02 01 00 

*		Instruction type: 0x00
*		Code offset: 0x00005030
003C	30 50 00 00 

*
*	2 REFERENCE(S) TO 32-BIT VAR AT BYTE #4 OF DATA BLOCK %M101
0040	00 00 65 00 04 00 00 00 00 04 02 00 

*		Instruction type: 0x00
*		Code offset: 0x00004B04
004C	04 4B 00 00 

*		Instruction type: 0x00
*		Code offset: 0x00005024
0050	24 50 00 00 

*
*	2 REFERENCE(S) TO 16-BIT VAR AT BYTE #16 OF DATA BLOCK %M110
0054	00 00 6E 00 10 00 00 00 00 02 02 00 

*		Instruction type: 0x00
*		Code offset: 0x00004984
0060	84 49 00 00 

*		Instruction type: 0x00
*		Code offset: 0x00005038
0064	38 50 00 00 

*
*	1 REFERENCE(S) TO 16-BIT VAR AT BYTE #18 OF DATA BLOCK %M110
0068	00 00 6E 00 12 00 00 00 00 02 01 00 

*		Instruction type: 0x00
*		Code offset: 0x00004988
0074	88 49 00 00 

*
*	1 REFERENCE(S) TO 16-BIT VAR AT BYTE #10 OF DATA BLOCK %I1
0078	00 00 01 00 0A 00 00 00 01 02 01 00 

*		Instruction type: 0x00
*		Code offset: 0x0000544C
0084	4C 54 00 00 

*
*	2 REFERENCE(S) TO 16-BIT VAR AT BYTE #14 OF DATA BLOCK %I1
0088	00 00 01 00 0E 00 00 00 01 02 02 00 

*		Instruction type: 0x00
*		Code offset: 0x00004A8C
0094	8C 4A 00 00 

*		Instruction type: 0x00
*		Code offset: 0x00005450
0098	50 54 00 00 

*
*	1 REFERENCE(S) TO 16-BIT VAR AT BYTE #12 OF DATA BLOCK %I1
009C	00 00 01 00 0C 00 00 00 01 02 01 00 

*		Instruction type: 0x00
*		Code offset: 0x00004A88
00A8	88 4A 00 00 

*
*	1 REFERENCE(S) TO 16-BIT VAR AT BYTE #20 OF DATA BLOCK %M110
00AC	00 00 6E 00 14 00 00 00 00 02 01 00 

*		Instruction type: 0x00
*		Code offset: 0x0000498C
00B8	8C 49 00 00 

*
*	1 REFERENCE(S) TO 16-BIT VAR AT BYTE #22 OF DATA BLOCK %M110
00BC	00 00 6E 00 16 00 00 00 00 02 01 00 

*		Instruction type: 0x00
*		Code offset: 0x00004990
00C8	90 49 00 00 

*
*	1 REFERENCE(S) TO 16-BIT VAR AT BYTE #24 OF DATA BLOCK %M110
00CC	00 00 6E 00 18 00 00 00 00 02 01 00 

*		Instruction type: 0x00
*		Code offset: 0x00004994
00D8	94 49 00 00 

*
*	1 REFERENCE(S) TO 16-BIT VAR AT BYTE #26 OF DATA BLOCK %M110
00DC	00 00 6E 00 1A 00 00 00 00 02 01 00 

*		Instruction type: 0x00
*		Code offset: 0x00004998
00E8	98 49 00 00 

*
*	1 REFERENCE(S) TO 16-BIT VAR AT BYTE #28 OF DATA BLOCK %M110
00EC	00 00 6E 00 1C 00 00 00 00 02 01 00 

*		Instruction type: 0x00
*		Code offset: 0x0000499C
00F8	9C 49 00 00 

*
*	1 REFERENCE(S) TO 16-BIT VAR AT BYTE #34 OF DATA BLOCK %M110
00FC	00 00 6E 00 22 00 00 00 00 02 01 00 

*		Instruction type: 0x00
*		Code offset: 0x00005350
0108	50 53 00 00 

*
*	1 REFERENCE(S) TO 16-BIT VAR AT BYTE #36 OF DATA BLOCK %M110
010C	00 00 6E 00 24 00 00 00 00 02 01 00 

*		Instruction type: 0x00
*		Code offset: 0x000049A8
0118	A8 49 00 00 

*
*	2 REFERENCE(S) TO 16-BIT VAR AT BYTE #32 OF DATA BLOCK %M110
011C	00 00 6E 00 20 00 00 00 00 02 02 00 

*		Instruction type: 0x00
*		Code offset: 0x000049A4
0128	A4 49 00 00 

*		Instruction type: 0x00
*		Code offset: 0x0000534C
012C	4C 53 00 00 

*
*	1 REFERENCE(S) TO 16-BIT VAR AT BYTE #30 OF DATA BLOCK %M110
0130	00 00 6E 00 1E 00 00 00 00 02 01 00 

*		Instruction type: 0x00
*		Code offset: 0x000049A0
013C	A0 49 00 00 

*
*	2 REFERENCE(S) TO 8-BIT VAR AT BYTE #6 OF DATA BLOCK %I0
0140	00 00 00 00 06 00 00 00 01 01 02 00 

*		Instruction type: 0x00
*		Code offset: 0x00004A80
014C	80 4A 00 00 

*		Instruction type: 0x00
*		Code offset: 0x00005444
0150	44 54 00 00 

*
*	1 REFERENCE(S) TO 8-BIT VAR AT BYTE #7 OF DATA BLOCK %I0
0154	00 00 00 00 07 00 00 00 01 01 01 00 

*		Instruction type: 0x00
*		Code offset: 0x00004A84
0160	84 4A 00 00 

*
*	2 REFERENCE(S) TO 32-BIT VAR AT BYTE #0 OF DATA BLOCK %M101
0164	00 00 65 00 00 00 00 00 00 04 02 00 

*		Instruction type: 0x00
*		Code offset: 0x00004B00
0170	00 4B 00 00 

*		Instruction type: 0x00
*		Code offset: 0x00005020
0174	20 50 00 00 

*
*	2 REFERENCE(S) TO 32-BIT VAR AT BYTE #4 OF DATA BLOCK %M110
0178	00 00 6E 00 04 00 00 00 00 04 02 00 

*		Instruction type: 0x00
*		Code offset: 0x00004B08
0184	08 4B 00 00 

*		Instruction type: 0x00
*		Code offset: 0x00005028
0188	28 50 00 00 

*
*	2 REFERENCE(S) TO 32-BIT VAR AT BYTE #8 OF DATA BLOCK %M110
018C	00 00 6E 00 08 00 00 00 00 04 02 00 

*		Instruction type: 0x00
*		Code offset: 0x00004B0C
0198	0C 4B 00 00 

*		Instruction type: 0x00
*		Code offset: 0x0000502C
019C	2C 50 00 00 

*
*	1 REFERENCE(S) TO 16-BIT VAR AT BYTE #0 OF DATA BLOCK %M110
01A0	00 00 6E 00 00 00 00 00 00 02 01 00 

*		Instruction type: 0x00
*		Code offset: 0x00004C94
01AC	94 4C 00 00 

*
*	1 REFERENCE(S) TO 32-BIT VAR AT BYTE #40 OF DATA BLOCK %M110
01B0	00 00 6E 00 28 00 00 00 00 04 01 00 

*		Instruction type: 0x00
*		Code offset: 0x0000503C
01BC	3C 50 00 00 

*
*	1 REFERENCE(S) TO 8-BIT VAR AT BYTE #2 OF DATA BLOCK %M1
01C0	00 00 01 00 02 00 00 00 00 01 01 00 

*		Instruction type: 0x00
*		Code offset: 0x0000508C
01CC	8C 50 00 00 

*
*	1 REFERENCE(S) TO 8-BIT VAR AT BYTE #4 OF DATA BLOCK %M1
01D0	00 00 01 00 04 00 00 00 00 01 01 00 

*		Instruction type: 0x00
*		Code offset: 0x00005090
01DC	90 50 00 00 

*
*	1 REFERENCE(S) TO 8-BIT VAR AT BYTE #5 OF DATA BLOCK %M1
01E0	00 00 01 00 05 00 00 00 00 01 01 00 

*		Instruction type: 0x00
*		Code offset: 0x00005094
01EC	94 50 00 00 

*
*	1 REFERENCE(S) TO 8-BIT VAR AT BYTE #6 OF DATA BLOCK %M1
01F0	00 00 01 00 06 00 00 00 00 01 01 00 

*		Instruction type: 0x00
*		Code offset: 0x00005098
01FC	98 50 00 00 

*
*	1 REFERENCE(S) TO 8-BIT VAR AT BYTE #5 OF DATA BLOCK %I0
0200	00 00 00 00 05 00 00 00 01 01 01 00 

*		Instruction type: 0x00
*		Code offset: 0x00005440
020C	40 54 00 00 

*
*	1 REFERENCE(S) TO 32-BIT VAR AT BYTE #0 OF DATA BLOCK %M5
0210	00 00 05 00 00 00 00 00 00 04 01 00 

*		Instruction type: 0x00
*		Code offset: 0x0000509C
021C	9C 50 00 00 

*
*	1 REFERENCE(S) TO 32-BIT VAR AT BYTE #4 OF DATA BLOCK %M5
0220	00 00 05 00 04 00 00 00 00 04 01 00 

*		Instruction type: 0x00
*		Code offset: 0x000050A0
022C	A0 50 00 00 

*
*	1 REFERENCE(S) TO 32-BIT VAR AT BYTE #0 OF DATA BLOCK %M500
0230	00 00 F4 01 00 00 00 00 00 04 01 00 

*		Instruction type: 0x00
*		Code offset: 0x000050A4
023C	A4 50 00 00 

*
*	1 REFERENCE(S) TO 8-BIT VAR AT BYTE #0 OF DATA BLOCK %M50
0240	00 00 32 00 00 00 00 00 00 01 01 00 

*		Instruction type: 0x00
*		Code offset: 0x000050A8
024C	A8 50 00 00 

*
*	1 REFERENCE(S) TO 8-BIT VAR AT BYTE #0 OF DATA BLOCK %M550
0250	00 00 26 02 00 00 00 00 00 01 01 00 

*		Instruction type: 0x00
*		Code offset: 0x000050AC
025C	AC 50 00 00 

*
*	1 REFERENCE(S) TO 8-BIT VAR AT BYTE #7 OF DATA BLOCK %Q1
0260	00 00 01 00 07 00 00 00 02 01 01 00 

*		Instruction type: 0x00
*		Code offset: 0x00005398
026C	98 53 00 00 

*
*	1 REFERENCE(S) TO 8-BIT VAR AT BYTE #2 OF DATA BLOCK %I0
0270	00 00 00 00 02 00 00 00 01 01 01 00 

*		Instruction type: 0x00
*		Code offset: 0x00005434
027C	34 54 00 00 

*
*	1 REFERENCE(S) TO 8-BIT VAR AT BYTE #3 OF DATA BLOCK %I0
0280	00 00 00 00 03 00 00 00 01 01 01 00 

*		Instruction type: 0x00
*		Code offset: 0x00005438
028C	38 54 00 00 

*
*	1 REFERENCE(S) TO 8-BIT VAR AT BYTE #4 OF DATA BLOCK %I0
0290	00 00 00 00 04 00 00 00 01 01 01 00 

*		Instruction type: 0x00
*		Code offset: 0x0000543C
029C	3C 54 00 00 

*
*	1 REFERENCE(S) TO 16-BIT VAR AT BYTE #0 OF DATA BLOCK %I1
02A0	00 00 01 00 00 00 00 00 01 02 01 00 

*		Instruction type: 0x00
*		Code offset: 0x00005448
02AC	48 54 00 00 


***************************************************
	 FUNCTION PATCHES
***************************************************

NAME: REAL_TO_DINT  - NUM: 2
	 Patch - TYPE: 0x0 - CODE OFFSET: 0x00004CA4
	 Patch - TYPE: 0x0 - CODE OFFSET: 0x00005078

NAME: DINT_TO_REAL  - NUM: 1
	 Patch - TYPE: 0x0 - CODE OFFSET: 0x00004CA0

NAME: sysMbMRTU_FC03  - NUM: 1
	 Patch - TYPE: 0x0 - CODE OFFSET: 0x00004A24

NAME: sysDBase_SetExtTable  - NUM: 1
	 Patch - TYPE: 0x0 - CODE OFFSET: 0x00004C00

NAME: UDINT_TO_REAL  - NUM: 2
	 Patch - TYPE: 0x0 - CODE OFFSET: 0x00004C9C
	 Patch - TYPE: 0x0 - CODE OFFSET: 0x00005074

NAME: DIV_REAL  - NUM: 2
	 Patch - TYPE: 0x0 - CODE OFFSET: 0x00004CA8
	 Patch - TYPE: 0x0 - CODE OFFSET: 0x00005080

NAME: MUL_REAL  - NUM: 1
	 Patch - TYPE: 0x0 - CODE OFFSET: 0x0000507C

NAME: sysWriteParDWORD  - NUM: 1
	 Patch - TYPE: 0x0 - CODE OFFSET: 0x00005084
