***********************************************************************
*
*	DYNAMIC LINK AND INDIRECT ALLOCATION LISTING FOR: *
***********************************************************************


***************************************************
	 FIRST CODE AREA
***************************************************

***************************************************
	 DATABLOCK PATCHES
***************************************************
*
* List of data blocks that will be checked run-time for consistency with
* their definition available at compile-time
*
*
*	REQUIREMENTS for DATA BLOCK %M101
*		Process image: 0
*		Number of elements: 5000
*		Data size (bytes): 2
0000	00 00 65 00 88 13 00 00 02 00 00 00 

*
*	REQUIREMENTS for DATA BLOCK %M550
*		Process image: 0
*		Number of elements: 1
*		Data size (bytes): 1
000C	00 00 26 02 01 00 00 00 01 00 00 00 

*
*	REQUIREMENTS for DATA BLOCK %Q1
*		Process image: 0
*		Number of elements: 12
*		Data size (bytes): 1
0018	00 02 01 00 0C 00 00 00 01 00 00 00 

*
*	REQUIREMENTS for DATA BLOCK %M100
*		Process image: 0
*		Number of elements: 416
*		Data size (bytes): 2
0024	00 00 64 00 A0 01 00 00 02 00 00 00 

*
*	REQUIREMENTS for DATA BLOCK %I1
*		Process image: 1
*		Number of elements: 12
*		Data size (bytes): 2
0030	01 01 01 00 0C 00 00 00 02 00 00 00 

*
*	REQUIREMENTS for DATA BLOCK %M110
*		Process image: 0
*		Number of elements: 5000
*		Data size (bytes): 2
003C	00 00 6E 00 88 13 00 00 02 00 00 00 

*
*	REQUIREMENTS for DATA BLOCK %M50
*		Process image: 0
*		Number of elements: 1
*		Data size (bytes): 1
0048	00 00 32 00 01 00 00 00 01 00 00 00 

*
*	REQUIREMENTS for DATA BLOCK %M5
*		Process image: 0
*		Number of elements: 2
*		Data size (bytes): 4
0054	00 00 05 00 02 00 00 00 04 00 00 00 

*
*	REQUIREMENTS for DATA BLOCK %M0
*		Process image: 0
*		Number of elements: 1
*		Data size (bytes): 4
0060	00 00 00 00 01 00 00 00 04 00 00 00 

*
*	REQUIREMENTS for DATA BLOCK %I0
*		Process image: 1
*		Number of elements: 12
*		Data size (bytes): 1
006C	01 01 00 00 0C 00 00 00 01 00 00 00 

*
*	REQUIREMENTS for DATA BLOCK %M500
*		Process image: 0
*		Number of elements: 2
*		Data size (bytes): 4
0078	00 00 F4 01 02 00 00 00 04 00 00 00 

*
* List of all references to data allocated on data blocks
* along with the whole information required by the run-time linker
*
*
*	2 REFERENCE(S) TO 32-BIT VAR AT BYTE #0 OF DATA BLOCK %M101
0000	00 00 65 00 00 00 00 00 00 04 02 00 

*		Instruction type: 0x00
*		Code offset: 0x00004AE0
000C	E0 4A 00 00 

*		Instruction type: 0x00
*		Code offset: 0x00004FA8
0010	A8 4F 00 00 

*
*	1 REFERENCE(S) TO 8-BIT VAR AT BYTE #4 OF DATA BLOCK %I0
0014	00 00 00 00 04 00 00 00 01 01 01 00 

*		Instruction type: 0x00
*		Code offset: 0x0000536C
0020	6C 53 00 00 

*
*	3 REFERENCE(S) TO 32-BIT VAR AT BYTE #8 OF DATA BLOCK %M110
0024	00 00 6E 00 08 00 00 00 00 04 03 00 

*		Instruction type: 0x00
*		Code offset: 0x00004AEC
0030	EC 4A 00 00 

*		Instruction type: 0x00
*		Code offset: 0x00004E8C
0034	8C 4E 00 00 

*		Instruction type: 0x00
*		Code offset: 0x00004FB4
0038	B4 4F 00 00 

*
*	1 REFERENCE(S) TO 8-BIT VAR AT BYTE #0 OF DATA BLOCK %M550
003C	00 00 26 02 00 00 00 00 00 01 01 00 

*		Instruction type: 0x00
*		Code offset: 0x00004EC4
0048	C4 4E 00 00 

*
*	1 REFERENCE(S) TO 16-BIT VAR AT BYTE #386 OF DATA BLOCK %M100
004C	00 00 64 00 82 01 00 00 00 02 01 00 

*		Instruction type: 0x00
*		Code offset: 0x00004B60
0058	60 4B 00 00 

*
*	1 REFERENCE(S) TO 8-BIT VAR AT BYTE #7 OF DATA BLOCK %Q1
005C	00 00 01 00 07 00 00 00 02 01 01 00 

*		Instruction type: 0x00
*		Code offset: 0x000052DC
0068	DC 52 00 00 

*
*	1 REFERENCE(S) TO 32-BIT VAR AT BYTE #4 OF DATA BLOCK %M5
006C	00 00 05 00 04 00 00 00 00 04 01 00 

*		Instruction type: 0x00
*		Code offset: 0x00004EB4
0078	B4 4E 00 00 

*
*	1 REFERENCE(S) TO 16-BIT VAR AT BYTE #0 OF DATA BLOCK %I1
007C	00 00 01 00 00 00 00 00 01 02 01 00 

*		Instruction type: 0x00
*		Code offset: 0x00005378
0088	78 53 00 00 

*
*	1 REFERENCE(S) TO 8-BIT VAR AT BYTE #0 OF DATA BLOCK %M50
008C	00 00 32 00 00 00 00 00 00 01 01 00 

*		Instruction type: 0x00
*		Code offset: 0x00004EC0
0098	C0 4E 00 00 

*
*	3 REFERENCE(S) TO 32-BIT VAR AT BYTE #4 OF DATA BLOCK %M110
009C	00 00 6E 00 04 00 00 00 00 04 03 00 

*		Instruction type: 0x00
*		Code offset: 0x00004AE8
00A8	E8 4A 00 00 

*		Instruction type: 0x00
*		Code offset: 0x00004E88
00AC	88 4E 00 00 

*		Instruction type: 0x00
*		Code offset: 0x00004FB0
00B0	B0 4F 00 00 

*
*	1 REFERENCE(S) TO 16-BIT VAR AT BYTE #34 OF DATA BLOCK %M110
00B4	00 00 6E 00 22 00 00 00 00 02 01 00 

*		Instruction type: 0x00
*		Code offset: 0x00005294
00C0	94 52 00 00 

*
*	1 REFERENCE(S) TO 8-BIT VAR AT BYTE #7 OF DATA BLOCK %I0
00C4	00 00 00 00 07 00 00 00 01 01 01 00 

*		Instruction type: 0x00
*		Code offset: 0x00004A80
00D0	80 4A 00 00 

*
*	1 REFERENCE(S) TO 16-BIT VAR AT BYTE #36 OF DATA BLOCK %M110
00D4	00 00 6E 00 24 00 00 00 00 02 01 00 

*		Instruction type: 0x00
*		Code offset: 0x000049B8
00E0	B8 49 00 00 

*
*	2 REFERENCE(S) TO 16-BIT VAR AT BYTE #32 OF DATA BLOCK %M110
00E4	00 00 6E 00 20 00 00 00 00 02 02 00 

*		Instruction type: 0x00
*		Code offset: 0x000049B4
00F0	B4 49 00 00 

*		Instruction type: 0x00
*		Code offset: 0x00005290
00F4	90 52 00 00 

*
*	1 REFERENCE(S) TO 16-BIT VAR AT BYTE #30 OF DATA BLOCK %M110
00F8	00 00 6E 00 1E 00 00 00 00 02 01 00 

*		Instruction type: 0x00
*		Code offset: 0x000049B0
0104	B0 49 00 00 

*
*	1 REFERENCE(S) TO 16-BIT VAR AT BYTE #28 OF DATA BLOCK %M110
0108	00 00 6E 00 1C 00 00 00 00 02 01 00 

*		Instruction type: 0x00
*		Code offset: 0x000049AC
0114	AC 49 00 00 

*
*	1 REFERENCE(S) TO 16-BIT VAR AT BYTE #26 OF DATA BLOCK %M110
0118	00 00 6E 00 1A 00 00 00 00 02 01 00 

*		Instruction type: 0x00
*		Code offset: 0x000049A8
0124	A8 49 00 00 

*
*	1 REFERENCE(S) TO 16-BIT VAR AT BYTE #24 OF DATA BLOCK %M110
0128	00 00 6E 00 18 00 00 00 00 02 01 00 

*		Instruction type: 0x00
*		Code offset: 0x000049A4
0134	A4 49 00 00 

*
*	1 REFERENCE(S) TO 16-BIT VAR AT BYTE #22 OF DATA BLOCK %M110
0138	00 00 6E 00 16 00 00 00 00 02 01 00 

*		Instruction type: 0x00
*		Code offset: 0x000049A0
0144	A0 49 00 00 

*
*	1 REFERENCE(S) TO 16-BIT VAR AT BYTE #20 OF DATA BLOCK %M110
0148	00 00 6E 00 14 00 00 00 00 02 01 00 

*		Instruction type: 0x00
*		Code offset: 0x0000499C
0154	9C 49 00 00 

*
*	1 REFERENCE(S) TO 8-BIT VAR AT BYTE #3 OF DATA BLOCK %I0
0158	00 00 00 00 03 00 00 00 01 01 01 00 

*		Instruction type: 0x00
*		Code offset: 0x00005368
0164	68 53 00 00 

*
*	1 REFERENCE(S) TO 32-BIT VAR AT BYTE #4 OF DATA BLOCK %M500
0168	00 00 F4 01 04 00 00 00 00 04 01 00 

*		Instruction type: 0x00
*		Code offset: 0x00004EBC
0174	BC 4E 00 00 

*
*	2 REFERENCE(S) TO 32-BIT VAR AT BYTE #4 OF DATA BLOCK %M101
0178	00 00 65 00 04 00 00 00 00 04 02 00 

*		Instruction type: 0x00
*		Code offset: 0x00004AE4
0184	E4 4A 00 00 

*		Instruction type: 0x00
*		Code offset: 0x00004FAC
0188	AC 4F 00 00 

*
*	1 REFERENCE(S) TO 16-BIT VAR AT BYTE #10 OF DATA BLOCK %I1
018C	00 00 01 00 0A 00 00 00 01 02 01 00 

*		Instruction type: 0x00
*		Code offset: 0x0000537C
0198	7C 53 00 00 

*
*	2 REFERENCE(S) TO 16-BIT VAR AT BYTE #14 OF DATA BLOCK %I1
019C	00 00 01 00 0E 00 00 00 01 02 02 00 

*		Instruction type: 0x00
*		Code offset: 0x00004A88
01A8	88 4A 00 00 

*		Instruction type: 0x00
*		Code offset: 0x00005380
01AC	80 53 00 00 

*
*	1 REFERENCE(S) TO 16-BIT VAR AT BYTE #12 OF DATA BLOCK %I1
01B0	00 00 01 00 0C 00 00 00 01 02 01 00 

*		Instruction type: 0x00
*		Code offset: 0x00004A84
01BC	84 4A 00 00 

*
*	1 REFERENCE(S) TO 32-BIT VAR AT BYTE #0 OF DATA BLOCK %M0
01C0	00 00 00 00 00 00 00 00 00 04 01 00 

*		Instruction type: 0x00
*		Code offset: 0x0000449C
01CC	9C 44 00 00 

*
*	1 REFERENCE(S) TO 16-BIT VAR AT BYTE #0 OF DATA BLOCK %M110
01D0	00 00 6E 00 00 00 00 00 00 02 01 00 

*		Instruction type: 0x00
*		Code offset: 0x00004C74
01DC	74 4C 00 00 

*
*	1 REFERENCE(S) TO 32-BIT VAR AT BYTE #0 OF DATA BLOCK %M5
01E0	00 00 05 00 00 00 00 00 00 04 01 00 

*		Instruction type: 0x00
*		Code offset: 0x00004EB0
01EC	B0 4E 00 00 

*
*	1 REFERENCE(S) TO 16-BIT VAR AT BYTE #14 OF DATA BLOCK %M110
01F0	00 00 6E 00 0E 00 00 00 00 02 01 00 

*		Instruction type: 0x00
*		Code offset: 0x00004E94
01FC	94 4E 00 00 

*
*	1 REFERENCE(S) TO 16-BIT VAR AT BYTE #12 OF DATA BLOCK %M110
0200	00 00 6E 00 0C 00 00 00 00 02 01 00 

*		Instruction type: 0x00
*		Code offset: 0x00004E90
020C	90 4E 00 00 

*
*	2 REFERENCE(S) TO 8-BIT VAR AT BYTE #6 OF DATA BLOCK %I0
0210	00 00 00 00 06 00 00 00 01 01 02 00 

*		Instruction type: 0x00
*		Code offset: 0x00004A7C
021C	7C 4A 00 00 

*		Instruction type: 0x00
*		Code offset: 0x00005374
0220	74 53 00 00 

*
*	1 REFERENCE(S) TO 16-BIT VAR AT BYTE #18 OF DATA BLOCK %M110
0224	00 00 6E 00 12 00 00 00 00 02 01 00 

*		Instruction type: 0x00
*		Code offset: 0x00004998
0230	98 49 00 00 

*
*	1 REFERENCE(S) TO 16-BIT VAR AT BYTE #16 OF DATA BLOCK %M110
0234	00 00 6E 00 10 00 00 00 00 02 01 00 

*		Instruction type: 0x00
*		Code offset: 0x00004994
0240	94 49 00 00 

*
*	1 REFERENCE(S) TO 8-BIT VAR AT BYTE #5 OF DATA BLOCK %I0
0244	00 00 00 00 05 00 00 00 01 01 01 00 

*		Instruction type: 0x00
*		Code offset: 0x00005370
0250	70 53 00 00 

*
*	1 REFERENCE(S) TO 8-BIT VAR AT BYTE #2 OF DATA BLOCK %I0
0254	00 00 00 00 02 00 00 00 01 01 01 00 

*		Instruction type: 0x00
*		Code offset: 0x00005364
0260	64 53 00 00 

*
*	1 REFERENCE(S) TO 32-BIT VAR AT BYTE #0 OF DATA BLOCK %M500
0264	00 00 F4 01 00 00 00 00 00 04 01 00 

*		Instruction type: 0x00
*		Code offset: 0x00004EB8
0270	B8 4E 00 00 


***************************************************
	 FUNCTION PATCHES
***************************************************

NAME: MUL_REAL  - NUM: 1
	 Patch - TYPE: 0x0 - CODE OFFSET: 0x00004EA8

NAME: sysDBase_SetExtTable  - NUM: 1
	 Patch - TYPE: 0x0 - CODE OFFSET: 0x00004BE0

NAME: sysWriteParUINT  - NUM: 1
	 Patch - TYPE: 0x0 - CODE OFFSET: 0x00004FEC

NAME: UDINT_TO_REAL  - NUM: 2
	 Patch - TYPE: 0x0 - CODE OFFSET: 0x00004C7C
	 Patch - TYPE: 0x0 - CODE OFFSET: 0x00004EA0

NAME: REAL_TO_DINT  - NUM: 2
	 Patch - TYPE: 0x0 - CODE OFFSET: 0x00004C84
	 Patch - TYPE: 0x0 - CODE OFFSET: 0x00004EA4

NAME: DINT_TO_REAL  - NUM: 1
	 Patch - TYPE: 0x0 - CODE OFFSET: 0x00004C80

NAME: DIV_REAL  - NUM: 2
	 Patch - TYPE: 0x0 - CODE OFFSET: 0x00004C88
	 Patch - TYPE: 0x0 - CODE OFFSET: 0x00004EAC

NAME: sysMbMRTU_FC03  - NUM: 1
	 Patch - TYPE: 0x0 - CODE OFFSET: 0x00004A34
